
* Info: Selecting the 'perf-low-ppn' engine for node jormungandr

* Info: "ref-cycles" not supported on jormungandr: fallback to "cpu-clock"
* Info: Process launched (host jormungandr, process 4288)                   0;              5529600 bytes;    98507216.000 ns;          53.534 MiB/s
                   1;              5529600 bytes;    99832591.000 ns;          52.823 MiB/s
                   2;              5529600 bytes;    97871527.000 ns;          53.881 MiB/s
                   3;              5529600 bytes;    98059759.000 ns;          53.778 MiB/s
                   4;              5529600 bytes;    98269894.000 ns;          53.663 MiB/s
                   5;              5529600 bytes;    99691025.000 ns;          52.898 MiB/s
                   6;              5529600 bytes;    99844612.000 ns;          52.816 MiB/s
                   7;              5529600 bytes;    99584546.000 ns;          52.954 MiB/s
                   8;              5529600 bytes;    98617934.000 ns;          53.473 MiB/s
                   9;              5529600 bytes;    99155949.000 ns;          53.183 MiB/s
                  10;              5529600 bytes;    99299329.000 ns;          53.106 MiB/s
                  11;              5529600 bytes;    99419590.000 ns;          53.042 MiB/s
                  12;              5529600 bytes;    99846003.000 ns;          52.816 MiB/s
                  13;              5529600 bytes;    99160061.000 ns;          53.181 MiB/s
                  14;              5529600 bytes;    99353374.000 ns;          53.078 MiB/s
                  15;              5529600 bytes;    99506241.000 ns;          52.996 MiB/s
                  16;              5529600 bytes;    99687610.000 ns;          52.900 MiB/s
                  17;              5529600 bytes;    99322976.000 ns;          53.094 MiB/s
                  18;              5529600 bytes;   100027904.000 ns;          52.720 MiB/s
                  19;              5529600 bytes;    99469905.000 ns;          53.015 MiB/s
                  20;              5529600 bytes;   100091797.000 ns;          52.686 MiB/s
                  21;              5529600 bytes;   101159579.000 ns;          52.130 MiB/s
                  22;              5529600 bytes;   100056849.000 ns;          52.704 MiB/s
                  23;              5529600 bytes;    99897332.000 ns;          52.789 MiB/s
                  24;              5529600 bytes;   100316113.000 ns;          52.568 MiB/s
                  25;              5529600 bytes;    99360531.000 ns;          53.074 MiB/s
                  26;              5529600 bytes;    99752242.000 ns;          52.865 MiB/s
                  27;              5529600 bytes;    99807254.000 ns;          52.836 MiB/s
                  28;              5529600 bytes;    99545122.000 ns;          52.975 MiB/s
                  29;              5529600 bytes;   100018106.000 ns;          52.725 MiB/s
                  30;              5529600 bytes;   100086418.000 ns;          52.689 MiB/s
                  31;              5529600 bytes;    99519121.000 ns;          52.989 MiB/s
                  32;              5529600 bytes;    99873958.000 ns;          52.801 MiB/s
                  33;              5529600 bytes;   101082807.000 ns;          52.169 MiB/s
                  34;              5529600 bytes;   101813644.000 ns;          51.795 MiB/s
                  35;              5529600 bytes;   100406195.000 ns;          52.521 MiB/s
                  36;              5529600 bytes;    99850134.000 ns;          52.814 MiB/s
                  37;              5529600 bytes;    99841652.000 ns;          52.818 MiB/s
                  38;              5529600 bytes;   101454643.000 ns;          51.978 MiB/s
                  39;              5529600 bytes;   104507627.000 ns;          50.460 MiB/s
                  40;              5529600 bytes;   101749218.000 ns;          51.828 MiB/s
                  41;              5529600 bytes;   101028144.000 ns;          52.198 MiB/s
                  42;              5529600 bytes;   100144077.000 ns;          52.659 MiB/s
                  43;              5529600 bytes;   100601273.000 ns;          52.419 MiB/s
                  44;              5529600 bytes;   100311265.000 ns;          52.571 MiB/s
                  45;              5529600 bytes;   108213154.000 ns;          48.732 MiB/s
                  46;              5529600 bytes;    99734340.000 ns;          52.875 MiB/s
                  47;              5529600 bytes;   100243015.000 ns;          52.607 MiB/s
                  48;              5529600 bytes;   100375537.000 ns;          52.537 MiB/s
                  49;              5529600 bytes;   100035119.000 ns;          52.716 MiB/s
                  50;              5529600 bytes;   100190717.000 ns;          52.634 MiB/s
                  51;              5529600 bytes;   100157127.000 ns;          52.652 MiB/s
                  52;              5529600 bytes;    99780981.000 ns;          52.850 MiB/s
                  53;              5529600 bytes;   100256559.000 ns;          52.599 MiB/s
                  54;              5529600 bytes;   100191372.000 ns;          52.634 MiB/s
                  55;              5529600 bytes;   100393687.000 ns;          52.528 MiB/s
                  56;              5529600 bytes;    99609023.000 ns;          52.941 MiB/s
                  57;              5529600 bytes;    99916879.000 ns;          52.778 MiB/s
                  58;              5529600 bytes;   100318214.000 ns;          52.567 MiB/s
                  59;              5529600 bytes;   100107844.000 ns;          52.678 MiB/s
                  60;              5529600 bytes;   100584352.000 ns;          52.428 MiB/s
                  61;              5529600 bytes;    99829657.000 ns;          52.824 MiB/s
                  62;              5529600 bytes;    99764556.000 ns;          52.859 MiB/s
                  63;              5529600 bytes;   100637125.000 ns;          52.401 MiB/s
                  64;              5529600 bytes;   100562787.000 ns;          52.439 MiB/s
                  65;              5529600 bytes;   100063841.000 ns;          52.701 MiB/s
                  66;              5529600 bytes;   100036337.000 ns;          52.715 MiB/s
                  67;              5529600 bytes;   100513379.000 ns;          52.465 MiB/s
                  68;              5529600 bytes;   100178283.000 ns;          52.641 MiB/s
                  69;              5529600 bytes;   100062648.000 ns;          52.701 MiB/s
                  70;              5529600 bytes;   100011738.000 ns;          52.728 MiB/s
                  71;              5529600 bytes;   100455764.000 ns;          52.495 MiB/s
                  72;              5529600 bytes;    99670219.000 ns;          52.909 MiB/s
                  73;              5529600 bytes;   100077046.000 ns;          52.694 MiB/s
                  74;              5529600 bytes;   100122226.000 ns;          52.670 MiB/s
                  75;              5529600 bytes;   100285426.000 ns;          52.584 MiB/s
                  76;              5529600 bytes;   100115505.000 ns;          52.674 MiB/s
                  77;              5529600 bytes;    99585017.000 ns;          52.954 MiB/s
                  78;              5529600 bytes;    99846681.000 ns;          52.815 MiB/s
                  79;              5529600 bytes;   100214803.000 ns;          52.621 MiB/s
                  80;              5529600 bytes;    99887377.000 ns;          52.794 MiB/s
                  81;              5529600 bytes;    99792393.000 ns;          52.844 MiB/s
                  82;              5529600 bytes;    99987301.000 ns;          52.741 MiB/s
                  83;              5529600 bytes;    99794496.000 ns;          52.843 MiB/s
                  84;              5529600 bytes;    99436900.000 ns;          53.033 MiB/s
                  85;              5529600 bytes;    99306638.000 ns;          53.103 MiB/s
                  86;              5529600 bytes;    99983085.000 ns;          52.743 MiB/s
                  87;              5529600 bytes;    99771988.000 ns;          52.855 MiB/s
                  88;              5529600 bytes;    99574427.000 ns;          52.960 MiB/s
                  89;              5529600 bytes;    99712118.000 ns;          52.887 MiB/s
                  90;              5529600 bytes;    99827255.000 ns;          52.826 MiB/s
                  91;              5529600 bytes;    99616369.000 ns;          52.937 MiB/s
                  92;              5529600 bytes;    99664098.000 ns;          52.912 MiB/s
                  93;              5529600 bytes;    99723731.000 ns;          52.880 MiB/s
                  94;              5529600 bytes;    99679233.000 ns;          52.904 MiB/s
                  95;              5529600 bytes;    99797194.000 ns;          52.842 MiB/s
                  96;              5529600 bytes;    99984023.000 ns;          52.743 MiB/s
                  97;              5529600 bytes;    99776487.000 ns;          52.853 MiB/s
                  98;              5529600 bytes;    99649026.000 ns;          52.920 MiB/s
                  99;              5529600 bytes;    99712805.000 ns;          52.886 MiB/s
                 100;              5529600 bytes;    99798691.000 ns;          52.841 MiB/s
                 101;              5529600 bytes;    99766460.000 ns;          52.858 MiB/s
                 102;              5529600 bytes;   100206328.000 ns;          52.626 MiB/s
                 103;              5529600 bytes;    99561548.000 ns;          52.967 MiB/s
                 104;              5529600 bytes;    99444549.000 ns;          53.029 MiB/s
                 105;              5529600 bytes;    99987720.000 ns;          52.741 MiB/s
                 106;              5529600 bytes;    99237213.000 ns;          53.140 MiB/s
                 107;              5529600 bytes;    99984221.000 ns;          52.743 MiB/s
                 108;              5529600 bytes;    99470252.000 ns;          53.015 MiB/s
                 109;              5529600 bytes;    99945649.000 ns;          52.763 MiB/s
                 110;              5529600 bytes;    99513582.000 ns;          52.992 MiB/s
                 111;              5529600 bytes;    99829456.000 ns;          52.824 MiB/s
                 112;              5529600 bytes;    99560105.000 ns;          52.967 MiB/s
                 113;              5529600 bytes;    99696220.000 ns;          52.895 MiB/s
                 114;              5529600 bytes;    99441265.000 ns;          53.031 MiB/s
                 115;              5529600 bytes;   100003673.000 ns;          52.732 MiB/s
                 116;              5529600 bytes;    99871952.000 ns;          52.802 MiB/s
                 117;              5529600 bytes;    99681603.000 ns;          52.903 MiB/s
                 118;              5529600 bytes;    99804003.000 ns;          52.838 MiB/s
                 119;              5529600 bytes;   100168841.000 ns;          52.645 MiB/s
                 120;              5529600 bytes;   100070302.000 ns;          52.697 MiB/s
                 121;              5529600 bytes;    99652401.000 ns;          52.918 MiB/s
                 122;              5529600 bytes;    99829954.000 ns;          52.824 MiB/s
                 123;              5529600 bytes;    99771906.000 ns;          52.855 MiB/s
                 124;              5529600 bytes;    99653990.000 ns;          52.917 MiB/s
                 125;              5529600 bytes;   101518140.000 ns;          51.946 MiB/s
                 126;              5529600 bytes;    99395228.000 ns;          53.055 MiB/s
                 127;              5529600 bytes;    99545610.000 ns;          52.975 MiB/s
                 128;              5529600 bytes;    99252313.000 ns;          53.132 MiB/s
                 129;              5529600 bytes;    99237504.000 ns;          53.140 MiB/s
                 130;              5529600 bytes;   100370354.000 ns;          52.540 MiB/s
                 131;              5529600 bytes;    99794759.000 ns;          52.843 MiB/s
                 132;              5529600 bytes;    99388855.000 ns;          53.059 MiB/s
                 133;              5529600 bytes;    99741202.000 ns;          52.871 MiB/s
                 134;              5529600 bytes;    99466358.000 ns;          53.017 MiB/s
                 135;              5529600 bytes;    99546277.000 ns;          52.975 MiB/s
                 136;              5529600 bytes;    99418200.000 ns;          53.043 MiB/s
                 137;              5529600 bytes;    99504254.000 ns;          52.997 MiB/s
                 138;              5529600 bytes;    99789313.000 ns;          52.846 MiB/s
                 139;              5529600 bytes;    99662924.000 ns;          52.913 MiB/s
                 140;              5529600 bytes;    99719390.000 ns;          52.883 MiB/s
                 141;              5529600 bytes;    99866213.000 ns;          52.805 MiB/s
                 142;              5529600 bytes;    99617225.000 ns;          52.937 MiB/s
                 143;              5529600 bytes;    99824034.000 ns;          52.827 MiB/s
                 144;              5529600 bytes;    99690724.000 ns;          52.898 MiB/s
                 145;              5529600 bytes;    99580428.000 ns;          52.957 MiB/s
                 146;              5529600 bytes;    99705076.000 ns;          52.890 MiB/s
                 147;              5529600 bytes;    99435003.000 ns;          53.034 MiB/s
                 148;              5529600 bytes;    99944755.000 ns;          52.764 MiB/s
                 149;              5529600 bytes;    99489479.000 ns;          53.005 MiB/s
                 150;              5529600 bytes;   100084692.000 ns;          52.690 MiB/s
                 151;              5529600 bytes;    99246158.000 ns;          53.135 MiB/s
                 152;              5529600 bytes;    99369888.000 ns;          53.069 MiB/s
                 153;              5529600 bytes;    99786848.000 ns;          52.847 MiB/s
                 154;              5529600 bytes;    99349990.000 ns;          53.079 MiB/s
                 155;              5529600 bytes;    99636283.000 ns;          52.927 MiB/s
                 156;              5529600 bytes;    99487878.000 ns;          53.006 MiB/s
                 157;              5529600 bytes;    99499246.000 ns;          53.000 MiB/s
                 158;              5529600 bytes;    99741650.000 ns;          52.871 MiB/s
                 159;              5529600 bytes;    99345020.000 ns;          53.082 MiB/s
                 160;              5529600 bytes;    99800316.000 ns;          52.840 MiB/s
                 161;              5529600 bytes;    99703267.000 ns;          52.891 MiB/s
                 162;              5529600 bytes;    99655655.000 ns;          52.917 MiB/s
                 163;              5529600 bytes;    99354931.000 ns;          53.077 MiB/s
                 164;              5529600 bytes;    99839460.000 ns;          52.819 MiB/s
                 165;              5529600 bytes;    99351078.000 ns;          53.079 MiB/s
                 166;              5529600 bytes;    99828600.000 ns;          52.825 MiB/s
                 167;              5529600 bytes;    99440362.000 ns;          53.031 MiB/s
                 168;              5529600 bytes;    99388985.000 ns;          53.059 MiB/s
                 169;              5529600 bytes;    99240248.000 ns;          53.138 MiB/s
                 170;              5529600 bytes;    99643661.000 ns;          52.923 MiB/s
                 171;              5529600 bytes;    99691262.000 ns;          52.898 MiB/s
                 172;              5529600 bytes;    99657248.000 ns;          52.916 MiB/s
                 173;              5529600 bytes;    99972350.000 ns;          52.749 MiB/s
                 174;              5529600 bytes;    99850477.000 ns;          52.813 MiB/s
                 175;              5529600 bytes;    99072978.000 ns;          53.228 MiB/s
                 176;              5529600 bytes;    98321422.000 ns;          53.635 MiB/s
                 177;              5529600 bytes;    98560213.000 ns;          53.505 MiB/s
                 178;              5529600 bytes;    98523920.000 ns;          53.524 MiB/s
                 179;              5529600 bytes;    98489962.000 ns;          53.543 MiB/s
                 180;              5529600 bytes;    99093766.000 ns;          53.217 MiB/s
                 181;              5529600 bytes;    98783243.000 ns;          53.384 MiB/s
                 182;              5529600 bytes;    98650545.000 ns;          53.456 MiB/s
                 183;              5529600 bytes;    99081894.000 ns;          53.223 MiB/s
                 184;              5529600 bytes;    99183705.000 ns;          53.168 MiB/s
                 185;              5529600 bytes;    99121840.000 ns;          53.202 MiB/s
                 186;              5529600 bytes;    98717205.000 ns;          53.420 MiB/s
                 187;              5529600 bytes;    99048588.000 ns;          53.241 MiB/s
                 188;              5529600 bytes;    98868053.000 ns;          53.338 MiB/s
                 189;              5529600 bytes;    98814526.000 ns;          53.367 MiB/s
                 190;              5529600 bytes;    99088680.000 ns;          53.219 MiB/s
                 191;              5529600 bytes;    99944700.000 ns;          52.764 MiB/s
                 192;              5529600 bytes;    99416420.000 ns;          53.044 MiB/s
                 193;              5529600 bytes;    99427177.000 ns;          53.038 MiB/s
                 194;              5529600 bytes;    99071065.000 ns;          53.229 MiB/s
                 195;              5529600 bytes;    99230381.000 ns;          53.143 MiB/s
                 196;              5529600 bytes;    99360539.000 ns;          53.074 MiB/s
                 197;              5529600 bytes;    99378311.000 ns;          53.064 MiB/s
                 198;              5529600 bytes;    99043609.000 ns;          53.244 MiB/s
                 199;              5529600 bytes;    99068253.000 ns;          53.230 MiB/s
                 200;              5529600 bytes;    99727032.000 ns;          52.879 MiB/s
                 201;              5529600 bytes;    99453802.000 ns;          53.024 MiB/s
                 202;              5529600 bytes;    99293135.000 ns;          53.110 MiB/s
                 203;              5529600 bytes;    99018437.000 ns;          53.257 MiB/s
                 204;              5529600 bytes;    99412399.000 ns;          53.046 MiB/s
                 205;              5529600 bytes;    99293454.000 ns;          53.110 MiB/s
                 206;              5529600 bytes;    99151768.000 ns;          53.186 MiB/s
                 207;              5529600 bytes;    99831103.000 ns;          52.824 MiB/s
                 208;              5529600 bytes;    98986036.000 ns;          53.275 MiB/s
                 209;              5529600 bytes;    99075374.000 ns;          53.227 MiB/s
                 210;              5529600 bytes;    99379992.000 ns;          53.063 MiB/s
                 211;              5529600 bytes;    99310161.000 ns;          53.101 MiB/s
                 212;              5529600 bytes;    98988463.000 ns;          53.273 MiB/s
                 213;              5529600 bytes;    99097111.000 ns;          53.215 MiB/s
                 214;              5529600 bytes;    98895885.000 ns;          53.323 MiB/s
                 215;              5529600 bytes;    99280122.000 ns;          53.117 MiB/s
                 216;              5529600 bytes;    98918116.000 ns;          53.311 MiB/s
                 217;              5529600 bytes;    99645114.000 ns;          52.922 MiB/s
                 218;              5529600 bytes;    98991662.000 ns;          53.272 MiB/s
                 219;              5529600 bytes;    98902503.000 ns;          53.320 MiB/s
                 220;              5529600 bytes;    98941122.000 ns;          53.299 MiB/s
                 221;              5529600 bytes;    99418836.000 ns;          53.043 MiB/s
                 222;              5529600 bytes;    99394476.000 ns;          53.056 MiB/s
                 223;              5529600 bytes;    99276814.000 ns;          53.119 MiB/s
                 224;              5529600 bytes;    99190053.000 ns;          53.165 MiB/s
                 225;              5529600 bytes;    98367372.000 ns;          53.610 MiB/s
                 226;              5529600 bytes;    98826464.000 ns;          53.361 MiB/s
                 227;              5529600 bytes;    98734296.000 ns;          53.410 MiB/s
                 228;              5529600 bytes;    98706580.000 ns;          53.425 MiB/s
                 229;              5529600 bytes;    98838891.000 ns;          53.354 MiB/s
                 230;              5529600 bytes;    99046118.000 ns;          53.242 MiB/s
                 231;              5529600 bytes;    98824571.000 ns;          53.362 MiB/s
                 232;              5529600 bytes;    98926547.000 ns;          53.307 MiB/s
                 233;              5529600 bytes;    99427152.000 ns;          53.038 MiB/s
                 234;              5529600 bytes;    99751450.000 ns;          52.866 MiB/s
                 235;              5529600 bytes;    99449134.000 ns;          53.026 MiB/s
                 236;              5529600 bytes;    99663245.000 ns;          52.913 MiB/s
                 237;              5529600 bytes;    98538445.000 ns;          53.517 MiB/s
                 238;              5529600 bytes;    98864260.000 ns;          53.340 MiB/s
                 239;              5529600 bytes;    99226112.000 ns;          53.146 MiB/s
                 240;              5529600 bytes;    99009468.000 ns;          53.262 MiB/s
                 241;              5529600 bytes;    98987086.000 ns;          53.274 MiB/s
                 242;              5529600 bytes;    99312261.000 ns;          53.100 MiB/s
                 243;              5529600 bytes;    99324116.000 ns;          53.093 MiB/s
                 244;              5529600 bytes;   100386848.000 ns;          52.531 MiB/s
                 245;              5529600 bytes;    99182226.000 ns;          53.169 MiB/s
                 246;              5529600 bytes;    99824047.000 ns;          52.827 MiB/s
                 247;              5529600 bytes;    99172390.000 ns;          53.174 MiB/s
                 248;              5529600 bytes;    99708767.000 ns;          52.888 MiB/s
                 249;              5529600 bytes;    99521352.000 ns;          52.988 MiB/s
                 250;              5529600 bytes;    99264202.000 ns;          53.125 MiB/s
                 251;              5529600 bytes;    99740207.000 ns;          52.872 MiB/s
                 252;              5529600 bytes;    99420130.000 ns;          53.042 MiB/s
                 253;              5529600 bytes;    99398388.000 ns;          53.054 MiB/s
                 254;              5529600 bytes;    99700816.000 ns;          52.893 MiB/s
                 255;              5529600 bytes;    99740995.000 ns;          52.871 MiB/s
                 256;              5529600 bytes;    99865085.000 ns;          52.806 MiB/s
                 257;              5529600 bytes;    99964331.000 ns;          52.753 MiB/s
                 258;              5529600 bytes;    99636901.000 ns;          52.927 MiB/s
                 259;              5529600 bytes;   100207473.000 ns;          52.625 MiB/s
                 260;              5529600 bytes;    99923301.000 ns;          52.775 MiB/s
                 261;              5529600 bytes;    99630583.000 ns;          52.930 MiB/s
                 262;              5529600 bytes;    99771783.000 ns;          52.855 MiB/s
                 263;              5529600 bytes;    99976590.000 ns;          52.747 MiB/s
                 264;              5529600 bytes;    99761818.000 ns;          52.860 MiB/s
                 265;              5529600 bytes;    99462705.000 ns;          53.019 MiB/s
                 266;              5529600 bytes;   100131957.000 ns;          52.665 MiB/s
                 267;              5529600 bytes;   100570927.000 ns;          52.435 MiB/s
                 268;              5529600 bytes;   100102936.000 ns;          52.680 MiB/s
                 269;              5529600 bytes;    99562732.000 ns;          52.966 MiB/s
                 270;              5529600 bytes;    99743613.000 ns;          52.870 MiB/s
                 271;              5529600 bytes;    99589712.000 ns;          52.952 MiB/s
                 272;              5529600 bytes;   100542785.000 ns;          52.450 MiB/s
                 273;              5529600 bytes;    99756251.000 ns;          52.863 MiB/s
                 274;              5529600 bytes;    99616358.000 ns;          52.937 MiB/s
                 275;              5529600 bytes;   100012673.000 ns;          52.728 MiB/s
                 276;              5529600 bytes;    99617637.000 ns;          52.937 MiB/s
                 277;              5529600 bytes;    99788315.000 ns;          52.846 MiB/s
                 278;              5529600 bytes;    99354573.000 ns;          53.077 MiB/s
                 279;              5529600 bytes;    98947399.000 ns;          53.295 MiB/s
                 280;              5529600 bytes;    98894211.000 ns;          53.324 MiB/s
                 281;              5529600 bytes;    98951624.000 ns;          53.293 MiB/s
                 282;              5529600 bytes;    99607430.000 ns;          52.942 MiB/s
                 283;              5529600 bytes;    99175185.000 ns;          53.173 MiB/s
                 284;              5529600 bytes;    99693809.000 ns;          52.896 MiB/s
                 285;              5529600 bytes;    99946755.000 ns;          52.762 MiB/s
                 286;              5529600 bytes;    99787344.000 ns;          52.847 MiB/s
                 287;              5529600 bytes;    99453454.000 ns;          53.024 MiB/s
                 288;              5529600 bytes;    99697426.000 ns;          52.894 MiB/s
                 289;              5529600 bytes;    99485964.000 ns;          53.007 MiB/s
                 290;              5529600 bytes;    99444411.000 ns;          53.029 MiB/s
                 291;              5529600 bytes;   100291004.000 ns;          52.581 MiB/s
                 292;              5529600 bytes;   100031479.000 ns;          52.718 MiB/s
                 293;              5529600 bytes;    99916555.000 ns;          52.778 MiB/s
                 294;              5529600 bytes;    99443407.000 ns;          53.030 MiB/s
                 295;              5529600 bytes;    99566242.000 ns;          52.964 MiB/s
                 296;              5529600 bytes;    99518758.000 ns;          52.989 MiB/s
                 297;              5529600 bytes;   100040338.000 ns;          52.713 MiB/s
                 298;              5529600 bytes;    99526293.000 ns;          52.985 MiB/s
                 299;              5529600 bytes;   100170707.000 ns;          52.645 MiB/s
                 300;              5529600 bytes;    99665282.000 ns;          52.911 MiB/s
                 301;              5529600 bytes;   100107119.000 ns;          52.678 MiB/s
                 302;              5529600 bytes;    99987739.000 ns;          52.741 MiB/s
                 303;              5529600 bytes;    99771349.000 ns;          52.855 MiB/s
                 304;              5529600 bytes;    99831226.000 ns;          52.824 MiB/s
                 305;              5529600 bytes;    99631305.000 ns;          52.930 MiB/s
                 306;              5529600 bytes;   100110575.000 ns;          52.676 MiB/s
                 307;              5529600 bytes;    99511389.000 ns;          52.993 MiB/s
                 308;              5529600 bytes;    99713996.000 ns;          52.886 MiB/s
                 309;              5529600 bytes;    99882591.000 ns;          52.796 MiB/s
                 310;              5529600 bytes;    99963313.000 ns;          52.754 MiB/s
                 311;              5529600 bytes;   100048385.000 ns;          52.709 MiB/s
                 312;              5529600 bytes;    99720742.000 ns;          52.882 MiB/s
                 313;              5529600 bytes;   100132140.000 ns;          52.665 MiB/s
                 314;              5529600 bytes;    99694577.000 ns;          52.896 MiB/s
                 315;              5529600 bytes;    99930373.000 ns;          52.771 MiB/s
                 316;              5529600 bytes;    99722097.000 ns;          52.881 MiB/s
                 317;              5529600 bytes;   100353342.000 ns;          52.549 MiB/s
                 318;              5529600 bytes;    99892771.000 ns;          52.791 MiB/s
                 319;              5529600 bytes;   102722456.000 ns;          51.337 MiB/s
                 320;              5529600 bytes;   100652128.000 ns;          52.393 MiB/s
                 321;              5529600 bytes;    99845248.000 ns;          52.816 MiB/s
                 322;              5529600 bytes;    99937989.000 ns;          52.767 MiB/s
                 323;              5529600 bytes;    99710863.000 ns;          52.887 MiB/s
                 324;              5529600 bytes;    99759094.000 ns;          52.862 MiB/s
                 325;              5529600 bytes;    99717150.000 ns;          52.884 MiB/s
                 326;              5529600 bytes;    99890392.000 ns;          52.792 MiB/s
                 327;              5529600 bytes;   100146448.000 ns;          52.657 MiB/s
                 328;              5529600 bytes;    99374435.000 ns;          53.066 MiB/s
                 329;              5529600 bytes;    99956676.000 ns;          52.757 MiB/s
                 330;              5529600 bytes;    99817387.000 ns;          52.831 MiB/s
                 331;              5529600 bytes;    99381984.000 ns;          53.062 MiB/s
                 332;              5529600 bytes;    98456403.000 ns;          53.561 MiB/s
                 333;              5529600 bytes;    99255701.000 ns;          53.130 MiB/s
                 334;              5529600 bytes;    99196238.000 ns;          53.162 MiB/s
                 335;              5529600 bytes;    99022932.000 ns;          53.255 MiB/s
                 336;              5529600 bytes;    99382830.000 ns;          53.062 MiB/s
                 337;              5529600 bytes;    99671918.000 ns;          52.908 MiB/s
                 338;              5529600 bytes;    99123677.000 ns;          53.201 MiB/s
                 339;              5529600 bytes;   100142376.000 ns;          52.659 MiB/s
                 340;              5529600 bytes;    99301872.000 ns;          53.105 MiB/s
                 341;              5529600 bytes;    98919458.000 ns;          53.310 MiB/s
                 342;              5529600 bytes;    99177005.000 ns;          53.172 MiB/s
                 343;              5529600 bytes;    99280247.000 ns;          53.117 MiB/s
                 344;              5529600 bytes;    99316518.000 ns;          53.097 MiB/s
                 345;              5529600 bytes;    99624964.000 ns;          52.933 MiB/s
                 346;              5529600 bytes;    99494615.000 ns;          53.002 MiB/s
                 347;              5529600 bytes;    99452863.000 ns;          53.024 MiB/s
                 348;              5529600 bytes;    99934717.000 ns;          52.769 MiB/s
                 349;              5529600 bytes;    99424625.000 ns;          53.040 MiB/s
                 350;              5529600 bytes;    99405987.000 ns;          53.049 MiB/s
                 351;              5529600 bytes;    99351905.000 ns;          53.078 MiB/s
                 352;              5529600 bytes;    99117618.000 ns;          53.204 MiB/s
                 353;              5529600 bytes;    99590312.000 ns;          52.951 MiB/s
                 354;              5529600 bytes;    99409311.000 ns;          53.048 MiB/s
                 355;              5529600 bytes;    99056538.000 ns;          53.237 MiB/s
                 356;              5529600 bytes;    99321692.000 ns;          53.095 MiB/s
                 357;              5529600 bytes;    99316880.000 ns;          53.097 MiB/s
                 358;              5529600 bytes;    99346455.000 ns;          53.081 MiB/s
                 359;              5529600 bytes;   100454391.000 ns;          52.496 MiB/s

* Info: Process finished (host jormungandr, process 4288)
* Info: Callchains info will be incomplete
* Info: Try to recompile your application with -fno-omit-frame-pointer or to rerun with btm=stack
* Info: Dumping samples (host jormungandr, process 4288)
* Info: Dumping source info for callchain nodes (host jormungandr, process 4288)
* Info: Building/writing metadata (host jormungandr)
* Info: Finished collect step (host jormungandr, process 4288)

Your experiment path is /home/zakaria/Desktop/Work/AP/sobel_optimisation/maqao_2023-01-16_16-15-59/tools/lprof_npsu_run_0

To display your profiling results:
#############################################################################################################################################################
#    LEVEL    |     REPORT     |                                                          COMMAND                                                           #
#############################################################################################################################################################
#  Functions  |  Cluster-wide  |  maqao lprof -df xp=/home/zakaria/Desktop/Work/AP/sobel_optimisation/maqao_2023-01-16_16-15-59/tools/lprof_npsu_run_0      #
#  Functions  |  Per-node      |  maqao lprof -df -dn xp=/home/zakaria/Desktop/Work/AP/sobel_optimisation/maqao_2023-01-16_16-15-59/tools/lprof_npsu_run_0  #
#  Functions  |  Per-process   |  maqao lprof -df -dp xp=/home/zakaria/Desktop/Work/AP/sobel_optimisation/maqao_2023-01-16_16-15-59/tools/lprof_npsu_run_0  #
#  Functions  |  Per-thread    |  maqao lprof -df -dt xp=/home/zakaria/Desktop/Work/AP/sobel_optimisation/maqao_2023-01-16_16-15-59/tools/lprof_npsu_run_0  #
#  Loops      |  Cluster-wide  |  maqao lprof -dl xp=/home/zakaria/Desktop/Work/AP/sobel_optimisation/maqao_2023-01-16_16-15-59/tools/lprof_npsu_run_0      #
#  Loops      |  Per-node      |  maqao lprof -dl -dn xp=/home/zakaria/Desktop/Work/AP/sobel_optimisation/maqao_2023-01-16_16-15-59/tools/lprof_npsu_run_0  #
#  Loops      |  Per-process   |  maqao lprof -dl -dp xp=/home/zakaria/Desktop/Work/AP/sobel_optimisation/maqao_2023-01-16_16-15-59/tools/lprof_npsu_run_0  #
#  Loops      |  Per-thread    |  maqao lprof -dl -dt xp=/home/zakaria/Desktop/Work/AP/sobel_optimisation/maqao_2023-01-16_16-15-59/tools/lprof_npsu_run_0  #
#############################################################################################################################################################

